C51 COMPILER V9.60.0.0   AT24C512                                                          10/24/2021 23:25:51 PAGE 1   


C51 COMPILER V9.60.0.0, COMPILATION OF MODULE AT24C512
OBJECT MODULE PLACED IN .\output\AT24C512.obj
COMPILER INVOKED BY: C:\Keil_v5\C51\BIN\C51.EXE library\AT24C512.c OPTIMIZE(8,SPEED) BROWSE INCDIR(.\library;..\LSM9DS1_
                    -new sensor MCU program) DEFINE(Custom,library) DEBUG OBJECTEXTEND PRINT(.\AT24C512.lst) TABS(2) OBJECT(.\output\AT24C512
                    -.obj)

line level    source

   1          #include "AT24C512.h"
   2          #include "EXT_FUNCTION.H"
   3          
   4          /* Memory usage 2 byte*/
   5          idata char tempData = 0;
   6          
   7          /**********************/
   8          /* Implement function */
   9          /**********************/
  10          char read(unsigned short idata index){
  11   1          //char tempData;
  12   1          //Write device information
  13   1          I2C_Start_EEPROM();
  14   1          I2C_SentByte_EEPROM(0xA0); //Device address
  15   1          I2C_SentByte_EEPROM(index >> 8); //MSB
  16   1          I2C_SentByte_EEPROM(index & 0xFF); //LSB
  17   1      
  18   1          //Read data
  19   1          I2C_Start_EEPROM();
  20   1          I2C_SentByte_EEPROM(0xA0 | 0x01); //Switch to read mode
  21   1          tempData = I2C_ReceiveByte_EEPROM();
  22   1          SendAcknowledge_EEPROM(1);
  23   1          I2C_Stop_EEPROM();
  24   1          
  25   1          return tempData;
  26   1      }
  27          
  28          void write(unsigned short idata index, char idata datain){
  29   1          I2C_Init_EEPROM();
  30   1          I2C_Start_EEPROM();
  31   1          I2C_SentByte_EEPROM(0xA0); //Device address
  32   1          I2C_SentByte_EEPROM(index >> 8); //MSB
  33   1          I2C_SentByte_EEPROM(index & 0xFF); //LSB
  34   1          I2C_SentByte_EEPROM(datain);
  35   1          I2C_Stop_EEPROM();
  36   1      }


MODULE INFORMATION:   STATIC OVERLAYABLE
   CODE SIZE        =     91    ----
   CONSTANT SIZE    =   ----    ----
   XDATA SIZE       =   ----    ----
   PDATA SIZE       =   ----    ----
   DATA SIZE        =   ----       5
   IDATA SIZE       =      1    ----
   BIT SIZE         =   ----    ----
END OF MODULE INFORMATION.


C51 COMPILATION COMPLETE.  0 WARNING(S),  0 ERROR(S)
